r1
  +file_prop: trunk/win/pthreads-w32-2-8-0-release.tar.gz svn:mime-type application/octet-stream
r2
  -empty_dir: trunk/CVS
  -empty_dir: trunk/doc/CVS
  -empty_dir: trunk/examples/CVS
  -empty_dir: trunk/java/CVS
  -empty_dir: trunk/src/CVS
  -empty_dir: trunk/tests/CVS
  -empty_dir: trunk/tests/scripts/CVS
  -empty_dir: trunk/win/CVS
  -empty_dir: trunk/win/pthreads-w32-2-8-0-release.tar.gz
r3
r4
r5
r6
r7
r8
r9
r10
r11
r12
r13
r14
r15
r16
r17
r18
r19
r20
r21
r22
r23
r24
r25
r26
r27
r28
r29
r30
r31
r32
r33
r34
r35
r36
r37
r38
r39
r40
r41
r42
r43
r44
r45
r46
r47
r48
r49
r50
r51
r52
r53
r54
r55
r56
r57
r58
r59
r60
r61
r62
r63
r64
r65
r66
  -empty_dir: trunk/src/predicate.h
  -empty_dir: trunk/src/predicate.l
  -empty_dir: trunk/src/predicate.tab.cpp
  -empty_dir: trunk/src/predicate.tab.h
  -empty_dir: trunk/src/predicate.y
  -empty_dir: trunk/src/predicate.yy.cpp
r67
r68
r69
r70
r71
r72
r73
r74
r75
r76
r77
r78
r79
r80
r81
r82
r83
r84
r85
r86
r87
r88
r89
r90
r91
r92
r93
r94
r95
r96
r97
r98
r99
r100
r101
r102
r103
r104
r105
r106
r107
r108
r109
r110
r111
r112
r113
r114
  -empty_dir: trunk/java/FastBit.java
  -empty_dir: trunk/java/README.txt
  +file_prop: trunk/java/tests/lib/commons-logging.jar svn:mime-type application/octet-stream
  +file_prop: trunk/java/tests/lib/junit-4.4.jar svn:mime-type application/octet-stream
  +file_prop: trunk/java/tests/lib/log4j-1.2.15.jar svn:mime-type application/octet-stream
r115
r116
r117
r118
r119
r120
r121
r122
r123
r124
r125
r126
r127
r128
r129
r130
r131
r132
r133
r134
r135
r136
r137
r138
r139
r140
r141
r142
r143
r144
r145
r146
r147
r148
r149
  -empty_dir: trunk/src/config.h.in
r150
r151
r152
r153
r154
r155
r156
r157
r158
r159
r160
r161
r162
r163
r164
r165
r166
r167
r168
r169
r170
r171
r172
r173
r174
r175
r176
r177
r178
r179
r180
r181
r182
r183
r184
r185
r186
r187
r188
r189
r190
r191
r192
r193
r194
r195
r196
r197
r198
r199
r200
r201
r202
r203
r204
r205
r206
r207
r208
r209
r210
r211
r212
r213
r214
r215
r216
  -empty_dir: trunk/contrib/Makefile.am
  -empty_dir: trunk/contrib/Makefile.in
r217
r218
r219
r220
r221
r222
r223
r224
r225
r226
r227
r228
r229
r230
r231
r232
r233
r234
r235
r236
r237
r238
r239
r240
r241
r242
r243
r244
r245
r246
r247
r248
r249
r250
r251
r252
  -empty_dir: trunk/src/joinin.cpp
  -empty_dir: trunk/src/joinin.h
  -empty_dir: trunk/win/fastbit.def
r253
r254
  -empty_dir: trunk/src/join.h
r255
r256
r257
r258
r259
r260
r261
r262
r263
r264
r265
r266
r267
r268
r269
r270
r271
r272
r273
r274
r275
r276
r277
r278
r279
r280
r281
r282
r283
r284
r285
r286
r287
r288
r289
r290
r291
r292
r293
r294
r295
r296
r297
  -empty_dir: trunk/tests/hist0
  -empty_dir: trunk/tests/hist1
  -empty_dir: trunk/tests/hist2
  -empty_dir: trunk/tests/hist3
  -empty_dir: trunk/tests/hist4
  -empty_dir: trunk/tests/inRange-1
  -empty_dir: trunk/tests/join-1
  -empty_dir: trunk/tests/join-2
  -empty_dir: trunk/tests/join-3
  -empty_dir: trunk/tests/join-4
  -empty_dir: trunk/tests/join-5
  -empty_dir: trunk/tests/join-6
  -empty_dir: trunk/tests/join-7
  -empty_dir: trunk/tests/join-8
  -empty_dir: trunk/tests/marksdb-1
  -empty_dir: trunk/tests/marksdb-3
  -empty_dir: trunk/tests/marksdb-4
  -empty_dir: trunk/tests/small-1
  -empty_dir: trunk/tests/small-2
  -empty_dir: trunk/tests/small-3
  -empty_dir: trunk/tests/small-4
  -empty_dir: trunk/tests/small-5
  -empty_dir: trunk/tests/small-6
  -empty_dir: trunk/tests/small-7
  -empty_dir: trunk/tests/smatch-1
  -empty_dir: trunk/tests/tcapi-3
  -empty_dir: trunk/tests/text-0
  -empty_dir: trunk/tests/thula-0
  -empty_dir: trunk/tests/thula-1
r298
r299
r300
r301
r302
r303
r304
r305
r306
r307
r308
r309
r310
r311
r312
r313
r314
r315
r316
r317
r318
r319
r320
r321
r322
r323
r324
r325
r326
r327
r328
r329
r330
r331
r332
r333
r334
r335
r336
r337
r338
r339
r340
r341
r342
r343
r344
r345
r346
r347
r348
r349
r350
r351
r352
r353
r354
r355
r356
r357
r358
r359
r360
r361
r362
r363
r364
r365
r366
r367
r368
r369
r370
r371
r372
r373
r374
r375
r376
r377
r378
r379
r380
r381
r382
r383
r384
r385
r386
r387
r388
r389
r390
r391
r392
r393
r394
r395
r396
r397
r398
r399
r400
r401
r402
r403
r404
r405
r406
r407
r408
r409
r410
r411
r412
r413
r414
r415
r416
r417
r418
r419
r420
r421
r422
r423
r424
r425
r426
r427
r428
r429
r430
r431
r432
r433
r434
r435
r436
r437
r438
r439
r440
r441
r442
r443
r444
r445
r446
r447
r448
r449
r450
r451
r452
r453
r454
r455
r456
r457
r458
r459
r460
r461
r462
r463
r464
r465
r466
r467
r468
r469
r470
r471
r472
r473
r474
r475
r476
r477
r478
r479
r480
r481
r482
r483
r484
r485
r486
r487
r488
r489
r490
r491
r492
r493
r494
r495
r496
r497
r498
r499
r500
r501
r502
  -empty_dir: trunk/libtool
r503
r504
r505
r506
r507
r508
r509
r510
r511
r512
r513
r514
r515
  -empty_dir: trunk/contrib/fbmerge/.deps
r516
r517
r518
r519
r520
r521
r522
r523
r524
  -empty_dir: trunk/src/islice.cpp
r525
r526
r527
r528
r529
r530
r531
r532
r533
r534
r535
r536
r537
r538
r539
r540
r541
r542
r543
r544
r545
r546
r547
r548
r549
r550
r551
r552
r553
r554
r555
r556
r557
r558
r559
r560
r561
r562
r563
r564
r565
r566
r567
r568
r569
r570
r571
r572
r573
r574
r575
r576
r577
r578
r579
r580
r581
r582
r583
r584
r585
r586
r587
r588
r589
r590
r591
r592
r593
r594
r595
r596
r597
r598
r599
r600
r601
r602
r603
r604
r605
r606
r607
r608
r609
r610
r611
r612
r613
r614
r615
r616
r617
r618
r619
r620
r621
r622
r623
r624
r625
r626
r627
r628
r629
r630
r631
r632
r633
r634
r635
r636
r637
r638
r639
r640
r641
r642
r643
r644
r645
r646
r647
r648
r649
r650
r651
r652
r653
r654
r655
r656
r657
r658
r659
r660
r661
r662
r663
r664
r665
r666
r667
r668
r669
r670
r671
r672
r673
r674
r675
r676
r677
r678
r679
r680
r681
r682
r683
r684
r685
r686
r687
r688
r689
r690
r691
r692
r693
r694
r695
r696
r697
r698
r699
r700
r701
r702
r703
r704
r705
r706
r707
r708
r709
r710
r711
r712
r713
r714
r715
r716
r717
r718
r719
r720
r721
r722
r723
r724
r725
r726
r727
r728
r729
r730
r731
r732
r733
r734
r735
r736
r737
r738
r739
r740
r741
r742
r743
r744
r745
r746
r747
r748
r749
r750
r751
r752
r753
r754
r755
r756
r757
r758
r759
r760
r761
r762
r763
r764
r765
r766
r767
r768
r769
r770
r771
r772
r773
r774
r775
r776
r777
r778
r779
r780
r781
r782
r783
r784
r785
r786
r787
r788
r789
r790
r791
r792
r793
r794
r795
r796
r797
r798
r799
r800
r801
r802
r803
r804
r805
r806
r807
r808
r809
r810
r811
r812
r813
r814
r815
r816
r817
r818
r819
r820
r821
r822
r823
r824
r825
r826
r827
r828
r829
r830
r831
r832
r833
r834
r835
r836
r837
r838
r839
r840
r841
r842
r843
r844
r845
r846
r847
r848
r849
r850
r851
r852
r853
r854
